# JRE version: Java(TM) SE Runtime Environment (8.0_101-b13) (build 1.8.0_101-b13)
# Java VM: Java HotSpot(TM) 64-Bit Server VM (25.101-b13 mixed mode windows-amd64 compressed oops)
Heap:
 PSYoungGen      total 220160K, used 125798K [0x00000000d5580000, 0x00000000e3d00000, 0x0000000100000000)
  eden space 207360K, 54% used [0x00000000d5580000,0x00000000dc3dc818,0x00000000e2000000)
  from space 12800K, 99% used [0x00000000e3080000,0x00000000e3cfd050,0x00000000e3d00000)
  to   space 14848K, 0% used [0x00000000e2000000,0x00000000e2000000,0x00000000e2e80000)
 ParOldGen       total 86016K, used 25393K [0x0000000080000000, 0x0000000085400000, 0x00000000d5580000)
  object space 86016K, 29% used [0x0000000080000000,0x00000000818cc500,0x0000000085400000)
 Metaspace       used 50700K, capacity 51196K, committed 51496K, reserved 1093632K
  class space    used 6539K, capacity 6671K, committed 6696K, reserved 1048576K
GC Heap History (10 events):
Event: 5.430 GC heap before
{Heap before GC invocations=8 (full 1):
 PSYoungGen      total 144384K, used 133120K [0x00000000d5580000, 0x00000000dee80000, 0x0000000100000000)
  eden space 133120K, 100% used [0x00000000d5580000,0x00000000dd780000,0x00000000dd780000)
  from space 11264K, 0% used [0x00000000de380000,0x00000000de380000,0x00000000dee80000)
  to   space 11776K, 0% used [0x00000000dd780000,0x00000000dd780000,0x00000000de300000)
 ParOldGen       total 64000K, used 11218K [0x0000000080000000, 0x0000000083e80000, 0x00000000d5580000)
  object space 64000K, 17% used [0x0000000080000000,0x0000000080af48c0,0x0000000083e80000)
 Metaspace       used 27748K, capacity 28156K, committed 28416K, reserved 1075200K
  class space    used 3452K, capacity 3555K, committed 3584K, reserved 1048576K
Event: 5.445 GC heap after
Heap after GC invocations=8 (full 1):
 PSYoungGen      total 144896K, used 10484K [0x00000000d5580000, 0x00000000e3d00000, 0x0000000100000000)
  eden space 133120K, 0% used [0x00000000d5580000,0x00000000d5580000,0x00000000dd780000)
  from space 11776K, 89% used [0x00000000dd780000,0x00000000de1bd238,0x00000000de300000)
  to   space 12800K, 0% used [0x00000000e3080000,0x00000000e3080000,0x00000000e3d00000)
 ParOldGen       total 64000K, used 11226K [0x0000000080000000, 0x0000000083e80000, 0x00000000d5580000)
  object space 64000K, 17% used [0x0000000080000000,0x0000000080af68c0,0x0000000083e80000)
 Metaspace       used 27748K, capacity 28156K, committed 28416K, reserved 1075200K
  class space    used 3452K, capacity 3555K, committed 3584K, reserved 1048576K
}
Event: 7.066 GC heap before
{Heap before GC invocations=9 (full 1):
 PSYoungGen      total 144896K, used 143604K [0x00000000d5580000, 0x00000000e3d00000, 0x0000000100000000)
  eden space 133120K, 100% used [0x00000000d5580000,0x00000000dd780000,0x00000000dd780000)
  from space 11776K, 89% used [0x00000000dd780000,0x00000000de1bd238,0x00000000de300000)
  to   space 12800K, 0% used [0x00000000e3080000,0x00000000e3080000,0x00000000e3d00000)
 ParOldGen       total 64000K, used 11226K [0x0000000080000000, 0x0000000083e80000, 0x00000000d5580000)
  object space 64000K, 17% used [0x0000000080000000,0x0000000080af68c0,0x0000000083e80000)
 Metaspace       used 34222K, capacity 34642K, committed 34944K, reserved 1079296K
  class space    used 4269K, capacity 4364K, committed 4480K, reserved 1048576K
Event: 7.083 GC heap after
Heap after GC invocations=9 (full 1):
 PSYoungGen      total 220160K, used 12791K [0x00000000d5580000, 0x00000000e3d00000, 0x0000000100000000)
  eden space 207360K, 0% used [0x00000000d5580000,0x00000000d5580000,0x00000000e2000000)
  from space 12800K, 99% used [0x00000000e3080000,0x00000000e3cfde88,0x00000000e3d00000)
  to   space 14848K, 0% used [0x00000000e2000000,0x00000000e2000000,0x00000000e2e80000)
 ParOldGen       total 64000K, used 12403K [0x0000000080000000, 0x0000000083e80000, 0x00000000d5580000)
  object space 64000K, 19% used [0x0000000080000000,0x0000000080c1cfc0,0x0000000083e80000)
 Metaspace       used 34222K, capacity 34642K, committed 34944K, reserved 1079296K
  class space    used 4269K, capacity 4364K, committed 4480K, reserved 1048576K
}
Event: 7.185 GC heap before
{Heap before GC invocations=10 (full 1):
 PSYoungGen      total 220160K, used 23201K [0x00000000d5580000, 0x00000000e3d00000, 0x0000000100000000)
  eden space 207360K, 5% used [0x00000000d5580000,0x00000000d5faa770,0x00000000e2000000)
  from space 12800K, 99% used [0x00000000e3080000,0x00000000e3cfde88,0x00000000e3d00000)
  to   space 14848K, 0% used [0x00000000e2000000,0x00000000e2000000,0x00000000e2e80000)
 ParOldGen       total 64000K, used 12403K [0x0000000080000000, 0x0000000083e80000, 0x00000000d5580000)
  object space 64000K, 19% used [0x0000000080000000,0x0000000080c1cfc0,0x0000000083e80000)
 Metaspace       used 34887K, capacity 35282K, committed 35496K, reserved 1081344K
  class space    used 4374K, capacity 4492K, committed 4520K, reserved 1048576K
Event: 7.196 GC heap after
Heap after GC invocations=10 (full 1):
 PSYoungGen      total 222208K, used 10519K [0x00000000d5580000, 0x00000000e3d00000, 0x0000000100000000)
  eden space 207360K, 0% used [0x00000000d5580000,0x00000000d5580000,0x00000000e2000000)
  from space 14848K, 70% used [0x00000000e2000000,0x00000000e2a45d70,0x00000000e2e80000)
  to   space 12800K, 0% used [0x00000000e3080000,0x00000000e3080000,0x00000000e3d00000)
 ParOldGen       total 64000K, used 12411K [0x0000000080000000, 0x0000000083e80000, 0x00000000d5580000)
  object space 64000K, 19% used [0x0000000080000000,0x0000000080c1efc0,0x0000000083e80000)
 Metaspace       used 34887K, capacity 35282K, committed 35496K, reserved 1081344K
  class space    used 4374K, capacity 4492K, committed 4520K, reserved 1048576K
}
Event: 7.196 GC heap before
{Heap before GC invocations=11 (full 2):
 PSYoungGen      total 222208K, used 10519K [0x00000000d5580000, 0x00000000e3d00000, 0x0000000100000000)
  eden space 207360K, 0% used [0x00000000d5580000,0x00000000d5580000,0x00000000e2000000)
  from space 14848K, 70% used [0x00000000e2000000,0x00000000e2a45d70,0x00000000e2e80000)
  to   space 12800K, 0% used [0x00000000e3080000,0x00000000e3080000,0x00000000e3d00000)
 ParOldGen       total 64000K, used 12411K [0x0000000080000000, 0x0000000083e80000, 0x00000000d5580000)
  object space 64000K, 19% used [0x0000000080000000,0x0000000080c1efc0,0x0000000083e80000)
 Metaspace       used 34887K, capacity 35282K, committed 35496K, reserved 1081344K
  class space    used 4374K, capacity 4492K, committed 4520K, reserved 1048576K
Event: 7.257 GC heap after
Heap after GC invocations=11 (full 2):
 PSYoungGen      total 222208K, used 0K [0x00000000d5580000, 0x00000000e3d00000, 0x0000000100000000)
  eden space 207360K, 0% used [0x00000000d5580000,0x00000000d5580000,0x00000000e2000000)
  from space 14848K, 0% used [0x00000000e2000000,0x00000000e2000000,0x00000000e2e80000)
  to   space 12800K, 0% used [0x00000000e3080000,0x00000000e3080000,0x00000000e3d00000)
 ParOldGen       total 86016K, used 20113K [0x0000000080000000, 0x0000000085400000, 0x00000000d5580000)
  object space 86016K, 23% used [0x0000000080000000,0x00000000813a4678,0x0000000085400000)
 Metaspace       used 34887K, capacity 35282K, committed 35496K, reserved 1081344K
  class space    used 4374K, capacity 4492K, committed 4520K, reserved 1048576K
}
Event: 9.585 GC heap before
{Heap before GC invocations=12 (full 2):
 PSYoungGen      total 222208K, used 207360K [0x00000000d5580000, 0x00000000e3d00000, 0x0000000100000000)
  eden space 207360K, 100% used [0x00000000d5580000,0x00000000e2000000,0x00000000e2000000)
  from space 14848K, 0% used [0x00000000e2000000,0x00000000e2000000,0x00000000e2e80000)
  to   space 12800K, 0% used [0x00000000e3080000,0x00000000e3080000,0x00000000e3d00000)
 ParOldGen       total 86016K, used 20113K [0x0000000080000000, 0x0000000085400000, 0x00000000d5580000)
  object space 86016K, 23% used [0x0000000080000000,0x00000000813a4678,0x0000000085400000)
 Metaspace       used 45805K, capacity 46252K, committed 46632K, reserved 1089536K
  class space    used 5955K, capacity 6107K, committed 6184K, reserved 1048576K
Event: 9.605 GC heap after
Heap after GC invocations=12 (full 2):
 PSYoungGen      total 220160K, used 12788K [0x00000000d5580000, 0x00000000e3d00000, 0x0000000100000000)
  eden space 207360K, 0% used [0x00000000d5580000,0x00000000d5580000,0x00000000e2000000)
  from space 12800K, 99% used [0x00000000e3080000,0x00000000e3cfd050,0x00000000e3d00000)
  to   space 14848K, 0% used [0x00000000e2000000,0x00000000e2000000,0x00000000e2e80000)
 ParOldGen       total 86016K, used 25393K [0x0000000080000000, 0x0000000085400000, 0x00000000d5580000)
  object space 86016K, 29% used [0x0000000080000000,0x00000000818cc500,0x0000000085400000)
 Metaspace       used 45805K, capacity 46252K, committed 46632K, reserved 1089536K
  class space    used 5955K, capacity 6107K, committed 6184K, reserved 1048576K
}

